<?xml version="1.0" encoding="UTF-8"?>
<!-- Generated by org.testng.reporters.JUnitXMLReporter -->
<testsuite ignored="1" hostname="DESKTOP-0OH831K" failures="0" tests="3" name="Default test" time="56.7" errors="0" timestamp="2024-09-04T22:53:49 EET">
  <testcase classname="mobileTesting.MyClass" name="ClickOnAllButtons" time="28.589"/>
  <testcase classname="mobileTesting.MyClass" name="ClickOnNumbersOnly" time="15.438"/>
  <testcase classname="mobileTesting.MyClass" name="clickonevenNumbers" time="12.615"/>
  <testcase classname="mobileTesting.MyClass" name="checkTime" time="0.0">
    <ignored/>
  </testcase> <!-- checkTime -->
</testsuite> <!-- Default test -->
