<?xml version="1.0" encoding="UTF-8"?>
<testng-results ignored="1" total="4" passed="3" failed="0" skipped="0">
  <reporter-output>
  </reporter-output>
  <suite started-at="2024-09-04T22:52:52 EET" name="Default suite" finished-at="2024-09-04T22:53:49 EET" duration-ms="56700">
    <groups>
    </groups>
    <test started-at="2024-09-04T22:52:52 EET" name="Default test" finished-at="2024-09-04T22:53:49 EET" duration-ms="56700">
      <class name="mobileTesting.MyClass">
        <test-method is-config="true" signature="MySetUp()[pri:0, instance:mobileTesting.MyClass@2cb4893b]" started-at="2024-09-04T22:52:52 EET" name="MySetUp" finished-at="2024-09-04T22:52:52 EET" duration-ms="26" status="PASS">
          <reporter-output>
          </reporter-output>
        </test-method> <!-- MySetUp -->
        <test-method signature="ClickOnAllButtons()[pri:1, instance:mobileTesting.MyClass@2cb4893b]" started-at="2024-09-04T22:52:52 EET" name="ClickOnAllButtons" finished-at="2024-09-04T22:53:21 EET" duration-ms="28589" status="PASS">
          <reporter-output>
          </reporter-output>
        </test-method> <!-- ClickOnAllButtons -->
        <test-method signature="ClickOnNumbersOnly()[pri:2, instance:mobileTesting.MyClass@2cb4893b]" started-at="2024-09-04T22:53:21 EET" name="ClickOnNumbersOnly" finished-at="2024-09-04T22:53:36 EET" duration-ms="15438" status="PASS">
          <reporter-output>
          </reporter-output>
        </test-method> <!-- ClickOnNumbersOnly -->
        <test-method signature="clickonevenNumbers()[pri:3, instance:mobileTesting.MyClass@2cb4893b]" started-at="2024-09-04T22:53:36 EET" name="clickonevenNumbers" finished-at="2024-09-04T22:53:49 EET" duration-ms="12615" status="PASS">
          <reporter-output>
          </reporter-output>
        </test-method> <!-- clickonevenNumbers -->
      </class> <!-- mobileTesting.MyClass -->
    </test> <!-- Default test -->
  </suite> <!-- Default suite -->
</testng-results>
